START OF LOG
client on port 37411
interactive player mode; name 'two'
GOLD message received: GOLD 0 0 250
GRID message received: GRID 5 14
displayStart
wRows = 10
wCols = 51
OK message received: OK B
DISPLAY message received
DISPLAY message received
DISPLAY message received
DISPLAY message received
DISPLAY message received
DISPLAY message received
DISPLAY message received
DISPLAY message received
DISPLAY message received
DISPLAY message received
DISPLAY message received
DISPLAY message received
DISPLAY message received
DISPLAY message received
DISPLAY message received
DISPLAY message received
DISPLAY message received
DISPLAY message received
DISPLAY message received
DISPLAY message received
DISPLAY message received
DISPLAY message received
DISPLAY message received
DISPLAY message received
DISPLAY message received
QUIT message received: QUIT Thanks for playing!

END OF LOG
PLAY message received
DISPLAY message received
DISPLAY message received
DISPLAY message received
QUIT message received: QUIT Thanks for playing!

END OF LOG
